-----------------------------------------------------------------------------

Input image     : ../images/epoch1/sci/f090w_sci_epoch1_20240516.fits[1:970,1:804] 
Init. par. file : galfit.feedme 
Restart file    : galfit.01 
Output image    : ../images/epoch1/test.fits 

 ferrer    : (  340.00,   474.07)  19.69 1000.00    6.22  1.51   1.00   -61.52
             (    0.22,     0.21)   0.22  143.07    1.21  0.07   0.00     0.39
     c0    :    1.00 
           :    0.04 
 Chi^2 = 12170837.52810,  ndof = 746967
 Chi^2/nu = 16.294 

-----------------------------------------------------------------------------
-----------------------------------------------------------------------------

Input image     : ../images/epoch1/sci/f356w_sci_epoch1_20240516.fits[1:970,1:804] 
Init. par. file : galfit.feedme 
Restart file    : galfit.02 
Output image    : ../images/epoch1/test_2.fits 

 ferrer    : (  340.00,   461.18)  19.10  795.07   10.00  1.11   0.71   -36.05
             (    0.09,     0.12)   0.01   70.82    1.18  0.02   0.00     0.25
     c0    :    1.00 
           :    0.05 
 Chi^2 = 66886601.95430,  ndof = 779871
 Chi^2/nu = 85.766 

-----------------------------------------------------------------------------
-----------------------------------------------------------------------------

Input image     : ../images/epoch1/sci/f356w_sci_epoch1_20240516.fits[1:970,1:804] 
Init. par. file : galfit.feedme 
Restart file    : galfit.03 
Output image    : ../images/epoch1/test_2.fits 

 ferrer    : (  340.00,   462.25)  19.11  795.95    9.99  1.10   0.69   -34.80
             (    0.09,     0.12)   0.01   70.55    1.18  0.02   0.00     0.24
     c0    :    1.00 
           :    0.05 
 Chi^2 = 66850739.05901,  ndof = 779871
 Chi^2/nu = 85.720 

-----------------------------------------------------------------------------
-----------------------------------------------------------------------------

Input image     : ../images/epoch1/sci/f356w_sci_epoch1_20240516.fits[1:970,1:804] 
Init. par. file : galfit.feedme 
Restart file    : galfit.04 
Output image    : ../images/epoch1/test_2.fits 

 ferrer    : (  340.00,   465.45)  19.35  890.55  *20.00* 0.74   0.63   -28.28
             (    0.09,     0.14)   0.01  153.46   *5.33* 0.02   0.00     0.20
     c0    :    0.44 
           :    0.03 
 Chi^2 = 66360448.74652,  ndof = 779871
 Chi^2/nu = 85.092 

-----------------------------------------------------------------------------
